<?xml version="1.0" encoding="UTF-8"?>
<testng-results total="1" passed="1" failed="0" skipped="0">
  <reporter-output>
  </reporter-output>
  <suite started-at="2022-10-21T09:34:20Z" name="Default suite" finished-at="2022-10-21T09:36:24Z" duration-ms="123804">
    <groups>
    </groups>
    <test started-at="2022-10-21T09:34:20Z" name="Default test" finished-at="2022-10-21T09:36:24Z" duration-ms="123804">
      <class name="com.qa1.appium3.Registration">
        <test-method signature="AppiumTest()[pri:0, instance:com.qa1.appium3.Registration@6c0d7c83]" started-at="2022-10-21T15:04:20Z" name="AppiumTest" finished-at="2022-10-21T15:06:24Z" duration-ms="123789" status="PASS">
          <reporter-output>
          </reporter-output>
        </test-method> <!-- AppiumTest -->
      </class> <!-- com.qa1.appium3.Registration -->
    </test> <!-- Default test -->
  </suite> <!-- Default suite -->
</testng-results>
